[INFO ] 2023-07-30 22:29:24.920 [main] MyStoreV1 - url opened
[INFO ] 2023-07-31 02:27:56.468 [main] MyStoreV1 - url opened
[INFO ] 2023-07-31 02:29:03.887 [main] MyStoreV1 - url opened
[INFO ] 2023-07-31 08:44:57.590 [main] MyStoreV1 - url opened
[INFO ] 2023-07-31 08:47:29.174 [main] MyStoreV1 - url opened
[INFO ] 2023-07-31 08:51:17.955 [main] MyStoreV1 - url opened
[INFO ] 2023-07-31 08:55:13.839 [main] MyStoreV1 - url opened
[INFO ] 2023-07-31 08:59:39.529 [main] MyStoreV1 - url opened
[INFO ] 2023-07-31 09:03:45.795 [main] MyStoreV1 - url opened
[INFO ] 2023-07-31 22:37:16.685 [main] MyStoreV1 - url opened
[INFO ] 2023-07-31 22:39:06.148 [main] MyStoreV1 - url opened
[INFO ] 2023-08-01 00:56:30.416 [main] MyStoreV1 - url opened
[INFO ] 2023-08-01 00:59:26.230 [main] MyStoreV1 - url opened
[INFO ] 2023-08-01 01:03:16.329 [main] MyStoreV1 - url opened
[INFO ] 2023-08-01 21:53:51.686 [main] MyStoreV1 - url opened
[INFO ] 2023-08-01 21:54:01.260 [main] MyStoreV1 - Verify Login: Passed
[INFO ] 2023-08-01 22:59:09.259 [main] MyStoreV1 - url opened
[INFO ] 2023-08-01 22:59:18.171 [main] MyStoreV1 - Verify Login: Failed
[INFO ] 2023-08-01 23:23:35.793 [main] MyStoreV1 - url opened
[INFO ] 2023-08-01 23:23:41.405 [main] MyStoreV1 - Verify Login: Failed
[INFO ] 2023-08-02 00:23:01.703 [main] MyStoreV1 - url opened
[INFO ] 2023-08-02 00:27:58.956 [main] MyStoreV1 - url opened
[INFO ] 2023-08-02 00:28:07.808 [main] MyStoreV1 - Verify Login: Failed
[INFO ] 2023-08-02 00:36:09.488 [main] MyStoreV1 - url opened
[INFO ] 2023-08-02 00:36:28.273 [main] MyStoreV1 - Verify Login: Failed
[INFO ] 2023-08-02 00:43:02.849 [main] MyStoreV1 - url opened
[INFO ] 2023-08-02 00:43:20.964 [main] MyStoreV1 - Verify Login: Passed
[INFO ] 2023-08-02 00:56:08.948 [main] MyStoreV1 - url opened
[INFO ] 2023-08-02 00:56:15.317 [main] MyStoreV1 - Verify Login: Passed
[INFO ] 2023-08-02 01:03:02.723 [main] MyStoreV1 - url opened
[INFO ] 2023-08-02 01:03:14.720 [main] MyStoreV1 - Verify Login: Failed
[INFO ] 2023-08-03 19:56:06.747 [main] MyStoreV1 - url opened
[INFO ] 2023-08-03 19:56:29.983 [main] MyStoreV1 - Verify Login: Failed
[INFO ] 2023-08-03 20:17:13.709 [main] MyStoreV1 - url opened
[INFO ] 2023-08-03 20:17:26.596 [main] MyStoreV1 - Verify Login: Passed
[INFO ] 2023-08-03 20:21:41.627 [main] MyStoreV1 - url opened
[INFO ] 2023-08-03 20:21:52.147 [main] MyStoreV1 - Verify Login: Passed
[INFO ] 2023-08-03 23:32:07.844 [main] MyStoreV1 - url opened
[INFO ] 2023-08-03 23:32:17.974 [main] MyStoreV1 - Verify Login: Passed
[INFO ] 2023-08-03 23:59:26.120 [main] MyStoreV1 - url opened
[INFO ] 2023-08-04 00:02:15.811 [main] MyStoreV1 - url opened
[INFO ] 2023-08-04 00:15:55.879 [main] MyStoreV1 - url opened
[INFO ] 2023-08-04 00:21:08.810 [main] MyStoreV1 - url opened
[INFO ] 2023-08-04 00:24:45.546 [main] MyStoreV1 - url opened
[INFO ] 2023-08-04 00:37:20.898 [main] MyStoreV1 - url opened
[INFO ] 2023-08-04 00:53:24.053 [main] MyStoreV1 - url opened
[INFO ] 2023-08-04 01:01:05.974 [main] MyStoreV1 - url opened
[INFO ] 2023-08-04 01:01:27.723 [main] MyStoreV1 - Verify Login: Failed
[INFO ] 2023-08-04 01:05:34.755 [main] MyStoreV1 - url opened
[INFO ] 2023-08-04 01:05:55.080 [main] MyStoreV1 - Verify Login: Failed
[INFO ] 2023-08-04 01:08:17.802 [main] MyStoreV1 - url opened
[INFO ] 2023-08-04 01:08:48.509 [main] MyStoreV1 - Verify Login: Passed
[INFO ] 2023-08-04 01:08:55.354 [main] MyStoreV1 - Verify Login: Passed
[INFO ] 2023-08-04 01:11:48.562 [main] MyStoreV1 - url opened
[INFO ] 2023-08-04 01:12:10.262 [main] MyStoreV1 - Verify Login: Passed
[INFO ] 2023-08-04 01:12:17.263 [main] MyStoreV1 - Verify Login: Passed
[INFO ] 2023-08-04 01:12:21.113 [main] MyStoreV1 - Verify Login: Passed
[INFO ] 2023-08-06 21:26:23.728 [main] MyStoreV1 - url opened
[INFO ] 2023-08-06 21:26:43.204 [main] MyStoreV1 - Verify Login: Passed
[INFO ] 2023-08-06 21:26:47.121 [main] MyStoreV1 - Verify Login: Passed
[INFO ] 2023-08-06 21:26:51.450 [main] MyStoreV1 - Verify Login: Failed
[INFO ] 2023-08-06 21:29:48.052 [main] MyStoreV1 - url opened
[INFO ] 2023-08-06 21:30:07.972 [main] MyStoreV1 - Verify Login: Passed
[INFO ] 2023-08-06 21:30:16.852 [main] MyStoreV1 - Verify Login: Passed
[INFO ] 2023-08-06 21:30:20.287 [main] MyStoreV1 - Verify Login: Failed
[INFO ] 2023-08-07 10:38:04.835 [main] MyStoreV1 - url opened
[INFO ] 2023-08-07 10:38:20.005 [main] MyStoreV1 - Seacrh product page Failed
[INFO ] 2023-08-07 10:41:44.332 [main] MyStoreV1 - url opened
[INFO ] 2023-08-07 10:41:54.247 [main] MyStoreV1 - Seacrh product page Failed
[INFO ] 2023-08-07 11:05:10.080 [main] MyStoreV1 - url opened
[INFO ] 2023-08-07 11:05:28.371 [main] MyStoreV1 - Seacrh product page Failed
[INFO ] 2023-08-07 11:15:26.571 [main] MyStoreV1 - url opened
[INFO ] 2023-08-07 11:15:34.798 [main] MyStoreV1 - Seacrh product page Failed
[INFO ] 2023-08-07 11:28:05.745 [main] MyStoreV1 - url opened
[INFO ] 2023-08-07 11:37:27.900 [main] MyStoreV1 - url opened
[INFO ] 2023-08-07 11:37:46.545 [main] MyStoreV1 - Seacrh product page Failed
[INFO ] 2023-08-07 11:41:31.614 [main] MyStoreV1 - url opened
[INFO ] 2023-08-07 11:41:54.450 [main] MyStoreV1 - Seacrh product page passed
[INFO ] 2023-08-07 11:41:55.736 [main] MyStoreV1 - Test Case SeachProduct ends
[INFO ] 2023-08-07 11:44:23.750 [main] MyStoreV1 - url opened
[INFO ] 2023-08-07 11:44:42.597 [main] MyStoreV1 - Seacrh product page passed
[INFO ] 2023-08-07 11:44:43.547 [main] MyStoreV1 - Test Case SeachProduct ends
[INFO ] 2023-08-07 11:48:09.162 [main] MyStoreV1 - url opened
[INFO ] 2023-08-07 11:48:20.586 [main] MyStoreV1 - Seacrh product page passed
[INFO ] 2023-08-07 11:48:21.700 [main] MyStoreV1 - Test Case SeachProduct ends
[INFO ] 2023-08-07 20:29:33.404 [main] MyStoreV1 - url opened
[INFO ] 2023-08-07 20:29:46.954 [main] MyStoreV1 - Seacrh product page passed
[INFO ] 2023-08-07 20:32:28.570 [main] MyStoreV1 - url opened
[INFO ] 2023-08-07 20:32:35.316 [main] MyStoreV1 - Seacrh product page passed
[INFO ] 2023-08-07 20:42:00.194 [main] MyStoreV1 - url opened
[INFO ] 2023-08-07 20:42:21.834 [main] MyStoreV1 - Seacrh product page passed
[INFO ] 2023-08-07 20:42:23.316 [main] MyStoreV1 - Test Case SeachProduct ends
[INFO ] 2023-08-09 08:57:03.272 [main] MyStoreV1 - url opened
[INFO ] 2023-08-09 08:57:16.450 [main] MyStoreV1 - Verify Login: Passed
[INFO ] 2023-08-09 08:58:02.407 [main] MyStoreV1 - url opened
[INFO ] 2023-08-09 08:58:09.700 [main] MyStoreV1 - Seacrh product page passed
[INFO ] 2023-08-09 08:58:11.104 [main] MyStoreV1 - Test Case SeachProduct ends
[INFO ] 2023-08-09 09:04:19.839 [main] MyStoreV1 - url opened
[INFO ] 2023-08-09 09:04:33.647 [main] MyStoreV1 - Verify Login: Passed
[INFO ] 2023-08-09 09:05:12.053 [main] MyStoreV1 - url opened
[INFO ] 2023-08-09 09:05:20.322 [main] MyStoreV1 - Seacrh product page passed
[INFO ] 2023-08-09 09:05:21.424 [main] MyStoreV1 - Test Case SeachProduct ends
[INFO ] 2023-08-09 09:07:51.420 [main] MyStoreV1 - url opened
[INFO ] 2023-08-09 09:07:55.828 [main] MyStoreV1 - Verify logout failed
[INFO ] 2023-08-09 09:21:29.328 [main] MyStoreV1 - url opened
[INFO ] 2023-08-09 09:21:39.105 [main] MyStoreV1 - Verify logout failed
[INFO ] 2023-08-09 09:23:27.781 [main] MyStoreV1 - url opened
[INFO ] 2023-08-09 09:23:40.890 [main] MyStoreV1 - Verify logout passed
[INFO ] 2023-08-09 09:25:04.150 [main] MyStoreV1 - url opened
[INFO ] 2023-08-09 09:25:13.672 [main] MyStoreV1 - Verify Login: Passed
[INFO ] 2023-08-09 09:26:01.260 [main] MyStoreV1 - url opened
[INFO ] 2023-08-09 09:26:08.705 [main] MyStoreV1 - Seacrh product page passed
[INFO ] 2023-08-09 09:26:09.818 [main] MyStoreV1 - Test Case SeachProduct ends
[INFO ] 2023-08-09 09:30:17.673 [main] MyStoreV1 - url opened
[INFO ] 2023-08-09 09:30:21.970 [main] MyStoreV1 - Verify Login: Passed
[INFO ] 2023-08-09 09:31:19.117 [main] MyStoreV1 - url opened
[INFO ] 2023-08-09 09:31:25.995 [main] MyStoreV1 - Seacrh product page passed
[INFO ] 2023-08-09 09:31:27.416 [main] MyStoreV1 - Test Case SeachProduct ends
[INFO ] 2023-08-09 09:34:39.845 [main] MyStoreV1 - url opened
[INFO ] 2023-08-09 09:34:43.197 [main] MyStoreV1 - Verify Login: Passed
[INFO ] 2023-08-09 09:42:27.452 [main] MyStoreV1 - url opened
[INFO ] 2023-08-09 09:42:58.175 [main] MyStoreV1 - Verify logout passed
[INFO ] 2023-08-09 09:46:35.155 [main] MyStoreV1 - url opened
[INFO ] 2023-08-09 09:46:41.394 [main] MyStoreV1 - Verify Login: Passed
[INFO ] 2023-08-09 09:48:35.318 [main] MyStoreV1 - url opened
[INFO ] 2023-08-09 09:48:55.800 [main] MyStoreV1 - Verify Login: Passed
[INFO ] 2023-08-09 09:49:04.175 [main] MyStoreV1 - Verify logout passed
[INFO ] 2023-08-09 09:49:43.256 [main] MyStoreV1 - url opened
[INFO ] 2023-08-09 09:49:49.366 [main] MyStoreV1 - Verify Login: Passed
[INFO ] 2023-08-09 09:49:53.886 [main] MyStoreV1 - Verify logout passed
[INFO ] 2023-08-09 09:50:27.246 [main] MyStoreV1 - url opened
[INFO ] 2023-08-09 09:50:36.871 [main] MyStoreV1 - Seacrh product page passed
[INFO ] 2023-08-09 09:50:38.055 [main] MyStoreV1 - Test Case SeachProduct ends
[INFO ] 2023-08-09 10:42:32.606 [main] MyStoreV1 - url opened
[INFO ] 2023-08-09 10:42:40.814 [main] MyStoreV1 - Verify Login: Passed
[INFO ] 2023-08-09 10:42:45.998 [main] MyStoreV1 - Verify logout passed
[INFO ] 2023-08-09 10:43:19.151 [main] MyStoreV1 - url opened
[INFO ] 2023-08-09 10:43:29.062 [main] MyStoreV1 - Seacrh product page passed
[INFO ] 2023-08-09 10:43:30.346 [main] MyStoreV1 - Test Case SeachProduct ends
[INFO ] 2023-08-09 18:40:42.022 [main] MyStoreV1 - url opened
[INFO ] 2023-08-09 18:40:52.061 [main] MyStoreV1 - Seacrh product page passed
[INFO ] 2023-08-09 18:40:53.073 [main] MyStoreV1 - Test Case SeachProduct ends
[INFO ] 2023-08-09 18:44:37.687 [main] MyStoreV1 - url opened
[INFO ] 2023-08-09 18:44:47.649 [main] MyStoreV1 - Verify Login: Passed
[INFO ] 2023-08-09 18:44:52.629 [main] MyStoreV1 - Verify logout passed
[INFO ] 2023-08-09 18:45:17.285 [main] MyStoreV1 - url opened
[INFO ] 2023-08-09 18:45:29.129 [main] MyStoreV1 - Seacrh product page passed
[INFO ] 2023-08-09 18:45:30.748 [main] MyStoreV1 - Test Case SeachProduct ends
[INFO ] 2023-08-09 21:21:44.506 [main] MyStoreV1 - url opened
[INFO ] 2023-08-09 21:22:19.922 [main] MyStoreV1 - Verify Login: Passed
[INFO ] 2023-08-09 21:22:26.795 [main] MyStoreV1 - Verify logout passed
[INFO ] 2023-08-09 21:23:23.581 [main] MyStoreV1 - url opened
[INFO ] 2023-08-09 21:23:34.672 [main] MyStoreV1 - Seacrh product page passed
[INFO ] 2023-08-09 21:23:36.029 [main] MyStoreV1 - Test Case SeachProduct ends
[INFO ] 2023-08-10 08:54:58.873 [main] MyStoreV1 - url opened
[INFO ] 2023-08-10 08:55:31.652 [main] MyStoreV1 - Seacrh product page passed
[INFO ] 2023-08-10 08:55:32.821 [main] MyStoreV1 - Test Case SeachProduct ends
[INFO ] 2023-08-10 20:49:44.882 [main] MyStoreV1 - url opened
[INFO ] 2023-08-10 20:49:50.673 [main] MyStoreV1 - Verify Login: Passed
[INFO ] 2023-08-10 20:49:56.479 [main] MyStoreV1 - Verify logout passed
[INFO ] 2023-08-10 20:50:10.785 [main] MyStoreV1 - url opened
[INFO ] 2023-08-10 20:50:19.060 [main] MyStoreV1 - Seacrh product page passed
[INFO ] 2023-08-10 20:50:20.148 [main] MyStoreV1 - Test Case SeachProduct ends
[INFO ] 2023-08-10 20:52:35.165 [main] MyStoreV1 - url opened
[INFO ] 2023-08-10 20:52:41.577 [main] MyStoreV1 - Verify Login: Passed
[INFO ] 2023-08-10 20:52:47.852 [main] MyStoreV1 - Verify logout passed
[INFO ] 2023-08-10 20:53:08.448 [main] MyStoreV1 - url opened
[INFO ] 2023-08-10 20:53:20.954 [main] MyStoreV1 - Seacrh product page passed
[INFO ] 2023-08-10 20:53:22.058 [main] MyStoreV1 - Test Case SeachProduct ends
[INFO ] 2023-08-11 07:44:37.513 [main] MyStoreV1 - url opened
[INFO ] 2023-08-11 07:44:48.531 [main] MyStoreV1 - Seacrh product page passed
[INFO ] 2023-08-11 07:44:49.690 [main] MyStoreV1 - Test Case SeachProduct ends
[INFO ] 2023-08-11 07:54:53.788 [main] MyStoreV1 - url opened
[INFO ] 2023-08-11 07:55:01.850 [main] MyStoreV1 - Verify Login: Passed
[INFO ] 2023-08-11 07:55:07.935 [main] MyStoreV1 - Verify logout passed
[INFO ] 2023-08-11 07:55:44.370 [main] MyStoreV1 - url opened
[INFO ] 2023-08-11 07:55:52.562 [main] MyStoreV1 - Seacrh product page passed
[INFO ] 2023-08-11 07:55:53.593 [main] MyStoreV1 - Test Case SeachProduct ends
